Added Component: Designator=C1(1206_Passive_Capacitor)
Add component (AddParameter): Name = "Datasheet"; Value = "https://datasheet.lcsc.com/lcsc/1811031514_Samsung-Electro-Mechanics-CL31A226KAHNNNE_C12891.pdf"; VariantName = "[No Variations]"
Add component (AddParameter): Name = "LCSC Part#"; Value = "C12891"; VariantName = "[No Variations]"
Add component (AddParameter): Name = "MFR Part #"; Value = "CL31A226KAHNNNE"; VariantName = "[No Variations]"
Add component (AddParameter): Name = "Type"; Value = "basic"; VariantName = "[No Variations]"
Add component (AddParameter): Name = "Value"; Value = "22uF"; VariantName = "[No Variations]"
Added Component: Designator=C2(1206_Passive_Capacitor)
Add component (AddParameter): Name = "Datasheet"; Value = "https://datasheet.lcsc.com/lcsc/1811031514_Samsung-Electro-Mechanics-CL31A226KAHNNNE_C12891.pdf"; VariantName = "[No Variations]"
Add component (AddParameter): Name = "LCSC Part#"; Value = "C12891"; VariantName = "[No Variations]"
Add component (AddParameter): Name = "MFR Part #"; Value = "CL31A226KAHNNNE"; VariantName = "[No Variations]"
Add component (AddParameter): Name = "Type"; Value = "basic"; VariantName = "[No Variations]"
Add component (AddParameter): Name = "Value"; Value = "22uF"; VariantName = "[No Variations]"
Added Component: Designator=C3(1206_Passive_Capacitor)
Add component (AddParameter): Name = "Datasheet"; Value = "https://datasheet.lcsc.com/lcsc/1810201313_Murata-Electronics-GRM31M5C1H473JA01L_C21812.pdf"; VariantName = "[No Variations]"
Add component (AddParameter): Name = "LCSC Part#"; Value = "C21812"; VariantName = "[No Variations]"
Add component (AddParameter): Name = "MFR Part #"; Value = "GRM31M5C1H473JA01L"; VariantName = "[No Variations]"
Add component (AddParameter): Name = "Type"; Value = "Extended"; VariantName = "[No Variations]"
Add component (AddParameter): Name = "Value"; Value = "47nF"; VariantName = "[No Variations]"
Added Component: Designator=C4(1206_Passive_Capacitor)
Add component (AddParameter): Name = "Datasheet"; Value = "https://datasheet.lcsc.com/lcsc/1811031514_Samsung-Electro-Mechanics-CL31A226KAHNNNE_C12891.pdf"; VariantName = "[No Variations]"
Add component (AddParameter): Name = "LCSC Part#"; Value = "C12891"; VariantName = "[No Variations]"
Add component (AddParameter): Name = "MFR Part #"; Value = "CL31A226KAHNNNE"; VariantName = "[No Variations]"
Add component (AddParameter): Name = "Type"; Value = "basic"; VariantName = "[No Variations]"
Add component (AddParameter): Name = "Value"; Value = "22uF"; VariantName = "[No Variations]"
Added Component: Designator=C5(1206_Passive_Capacitor)
Add component (AddParameter): Name = "Datasheet"; Value = "https://datasheet.lcsc.com/lcsc/1811031514_Samsung-Electro-Mechanics-CL31A226KAHNNNE_C12891.pdf"; VariantName = "[No Variations]"
Add component (AddParameter): Name = "LCSC Part#"; Value = "C12891"; VariantName = "[No Variations]"
Add component (AddParameter): Name = "MFR Part #"; Value = "CL31A226KAHNNNE"; VariantName = "[No Variations]"
Add component (AddParameter): Name = "Type"; Value = "basic"; VariantName = "[No Variations]"
Add component (AddParameter): Name = "Value"; Value = "22uF"; VariantName = "[No Variations]"
Added Component: Designator=C6(1206_Passive_Capacitor)
Add component (AddParameter): Name = "Datasheet"; Value = "https://datasheet.lcsc.com/lcsc/1811031514_Samsung-Electro-Mechanics-CL31A226KAHNNNE_C12891.pdf"; VariantName = "[No Variations]"
Add component (AddParameter): Name = "LCSC Part#"; Value = "C12891"; VariantName = "[No Variations]"
Add component (AddParameter): Name = "MFR Part #"; Value = "CL31A226KAHNNNE"; VariantName = "[No Variations]"
Add component (AddParameter): Name = "Type"; Value = "basic"; VariantName = "[No Variations]"
Add component (AddParameter): Name = "Value"; Value = "22uF"; VariantName = "[No Variations]"
Added Component: Designator=C7(1206_Passive_Capacitor)
Add component (AddParameter): Name = "Datasheet"; Value = "https://datasheet.lcsc.com/lcsc/1811031514_Samsung-Electro-Mechanics-CL31A226KAHNNNE_C12891.pdf"; VariantName = "[No Variations]"
Add component (AddParameter): Name = "LCSC Part#"; Value = "C12891"; VariantName = "[No Variations]"
Add component (AddParameter): Name = "MFR Part #"; Value = "CL31A226KAHNNNE"; VariantName = "[No Variations]"
Add component (AddParameter): Name = "Type"; Value = "basic"; VariantName = "[No Variations]"
Add component (AddParameter): Name = "Value"; Value = "22uF"; VariantName = "[No Variations]"
Added Component: Designator=C8(1206_Passive_Capacitor)
Add component (AddParameter): Name = "Datasheet"; Value = "https://datasheet.lcsc.com/lcsc/1811031514_Samsung-Electro-Mechanics-CL31A226KAHNNNE_C12891.pdf"; VariantName = "[No Variations]"
Add component (AddParameter): Name = "LCSC Part#"; Value = "C12891"; VariantName = "[No Variations]"
Add component (AddParameter): Name = "MFR Part #"; Value = "CL31A226KAHNNNE"; VariantName = "[No Variations]"
Add component (AddParameter): Name = "Type"; Value = "basic"; VariantName = "[No Variations]"
Add component (AddParameter): Name = "Value"; Value = "22uF"; VariantName = "[No Variations]"
Added Component: Designator=C9(1206_Passive_Capacitor)
Add component (AddParameter): Name = "Datasheet"; Value = "https://datasheet.lcsc.com/lcsc/1811031514_Samsung-Electro-Mechanics-CL31A226KAHNNNE_C12891.pdf"; VariantName = "[No Variations]"
Add component (AddParameter): Name = "LCSC Part#"; Value = "C12891"; VariantName = "[No Variations]"
Add component (AddParameter): Name = "MFR Part #"; Value = "CL31A226KAHNNNE"; VariantName = "[No Variations]"
Add component (AddParameter): Name = "Type"; Value = "basic"; VariantName = "[No Variations]"
Add component (AddParameter): Name = "Value"; Value = "22uF"; VariantName = "[No Variations]"
Added Component: Designator=C10(1206_Passive_Capacitor)
Add component (AddParameter): Name = "Datasheet"; Value = "https://datasheet.lcsc.com/lcsc/1811031514_Samsung-Electro-Mechanics-CL31A226KAHNNNE_C12891.pdf"; VariantName = "[No Variations]"
Add component (AddParameter): Name = "LCSC Part#"; Value = "C12891"; VariantName = "[No Variations]"
Add component (AddParameter): Name = "MFR Part #"; Value = "CL31A226KAHNNNE"; VariantName = "[No Variations]"
Add component (AddParameter): Name = "Type"; Value = "basic"; VariantName = "[No Variations]"
Add component (AddParameter): Name = "Value"; Value = "22uF"; VariantName = "[No Variations]"
Added Component: Designator=C11(1206_Passive_Capacitor)
Add component (AddParameter): Name = "Datasheet"; Value = "https://datasheet.lcsc.com/lcsc/1811031514_Samsung-Electro-Mechanics-CL31A226KAHNNNE_C12891.pdf"; VariantName = "[No Variations]"
Add component (AddParameter): Name = "LCSC Part#"; Value = "C12891"; VariantName = "[No Variations]"
Add component (AddParameter): Name = "MFR Part #"; Value = "CL31A226KAHNNNE"; VariantName = "[No Variations]"
Add component (AddParameter): Name = "Type"; Value = "basic"; VariantName = "[No Variations]"
Add component (AddParameter): Name = "Value"; Value = "22uF"; VariantName = "[No Variations]"
Added Component: Designator=C12(1206_Passive_Capacitor)
Add component (AddParameter): Name = "Datasheet"; Value = "https://datasheet.lcsc.com/lcsc/1811031514_Samsung-Electro-Mechanics-CL31A226KAHNNNE_C12891.pdf"; VariantName = "[No Variations]"
Add component (AddParameter): Name = "LCSC Part#"; Value = "C12891"; VariantName = "[No Variations]"
Add component (AddParameter): Name = "MFR Part #"; Value = "CL31A226KAHNNNE"; VariantName = "[No Variations]"
Add component (AddParameter): Name = "Type"; Value = "basic"; VariantName = "[No Variations]"
Add component (AddParameter): Name = "Value"; Value = "22uF"; VariantName = "[No Variations]"
Added Component: Designator=C13(1206_Passive_Capacitor)
Add component (AddParameter): Name = "Datasheet"; Value = "https://datasheet.lcsc.com/lcsc/1811031514_Samsung-Electro-Mechanics-CL31A226KAHNNNE_C12891.pdf"; VariantName = "[No Variations]"
Add component (AddParameter): Name = "LCSC Part#"; Value = "C12891"; VariantName = "[No Variations]"
Add component (AddParameter): Name = "MFR Part #"; Value = "CL31A226KAHNNNE"; VariantName = "[No Variations]"
Add component (AddParameter): Name = "Type"; Value = "basic"; VariantName = "[No Variations]"
Add component (AddParameter): Name = "Value"; Value = "22uF"; VariantName = "[No Variations]"
Added Component: Designator=C14(1206_Passive_Capacitor)
Add component (AddParameter): Name = "Datasheet"; Value = "https://datasheet.lcsc.com/lcsc/1811031514_Samsung-Electro-Mechanics-CL31A226KAHNNNE_C12891.pdf"; VariantName = "[No Variations]"
Add component (AddParameter): Name = "LCSC Part#"; Value = "C12891"; VariantName = "[No Variations]"
Add component (AddParameter): Name = "MFR Part #"; Value = "CL31A226KAHNNNE"; VariantName = "[No Variations]"
Add component (AddParameter): Name = "Type"; Value = "basic"; VariantName = "[No Variations]"
Add component (AddParameter): Name = "Value"; Value = "22uF"; VariantName = "[No Variations]"
Added Component: Designator=D1(TVS)
Add component (AddParameter): Name = "Datasheet"; Value = "https://datasheet.lcsc.com/szlcsc/ProTek-Devices-SRV05-4-P-T7_C85364.pdf"; VariantName = "[No Variations]"
Add component (AddParameter): Name = "LCSC Part#"; Value = "C85364"; VariantName = "[No Variations]"
Add component (AddParameter): Name = "MFR Part #"; Value = "SRV05-4-P-T7"; VariantName = "[No Variations]"
Add component (AddParameter): Name = "Type"; Value = "Basic"; VariantName = "[No Variations]"
Add component (AddParameter): Name = "Value"; Value = "TVS DIODE 5.5V 6TSOP"; VariantName = "[No Variations]"
Added Component: Designator=J1(USB_MINI_B)
Add component (AddParameter): Name = "Datasheet"; Value = "https://datasheet.lcsc.com/szlcsc/2103081233_Jing-Extension-of-the-Electronic-Co-920-462A2021D10102_C46398.pdf"; VariantName = "[No Variations]"
Add component (AddParameter): Name = "LCSC Part#"; Value = "C46398"; VariantName = "[No Variations]"
Add component (AddParameter): Name = "MFR Part #"; Value = "920-462A2021D10102"; VariantName = "[No Variations]"
Add component (AddParameter): Name = "Type"; Value = "Extended"; VariantName = "[No Variations]"
Add component (AddParameter): Name = "Value"; Value = "USB mini B"; VariantName = "[No Variations]"
Added Component: Designator=J2(ICSP)
Add component (AddParameter): Name = "Digikey Link"; Value = "https://www.digikey.com/product-detail/en/NRPN032PAEN-RC/S5801-03-ND/804955/?itemSeq=304982355"; VariantName = "[No Variations]"
Add component (AddParameter): Name = "LCSC Part#"; Value = "C124384"; VariantName = "[No Variations]"
Add component (AddParameter): Name = "MFR Part #"; Value = "NRPN032PAEN-RC"; VariantName = "[No Variations]"
Add component (AddParameter): Name = "Type"; Value = "Extended"; VariantName = "[No Variations]"
Added Component: Designator=J3(JM-1_SSQ-101-03-T-S)
Add component (AddParameter): Name = "LCSC PART#"; Value = "C492400"; VariantName = "[No Variations]"
Add component (AddParameter): Name = "MFR PART #"; Value = "PZ254V-11-01P"; VariantName = "[No Variations]"
Added Component: Designator=J4(JM-1_SSQ-101-03-T-S)
Add component (AddParameter): Name = "LCSC PART#"; Value = "C492400"; VariantName = "[No Variations]"
Add component (AddParameter): Name = "MFR PART #"; Value = "PZ254V-11-01P"; VariantName = "[No Variations]"
Added Component: Designator=J5(JM-1_SSQ-101-03-T-S)
Add component (AddParameter): Name = "LCSC PART#"; Value = "C492400"; VariantName = "[No Variations]"
Add component (AddParameter): Name = "MFR PART #"; Value = "PZ254V-11-01P"; VariantName = "[No Variations]"
Added Component: Designator=J6(JM-1_SSQ-101-03-T-S)
Add component (AddParameter): Name = "LCSC PART#"; Value = "C492400"; VariantName = "[No Variations]"
Add component (AddParameter): Name = "MFR PART #"; Value = "PZ254V-11-01P"; VariantName = "[No Variations]"
Added Component: Designator=J7(8_PIN_ARD-DIG_100MIL)
Add component (AddParameter): Name = "Digikey Link"; Value = "https://www.digikey.com/product-detail/en/PPTC081LFBN-RC/S7006-ND/810147/?itemSeq=304982354"; VariantName = "[No Variations]"
Add component (AddParameter): Name = "LCSC Part#"; Value = "C27438"; VariantName = "[No Variations]"
Add component (AddParameter): Name = "MFR Part #"; Value = "PPTC081LFBN-RC"; VariantName = "[No Variations]"
Add component (AddParameter): Name = "Type"; Value = "Extended"; VariantName = "[No Variations]"
Add component (AddParameter): Name = "Value"; Value = "Female"; VariantName = "[No Variations]"
Added Component: Designator=J8(JM-1_SSQ-101-03-T-S)
Add component (AddParameter): Name = "LCSC PART#"; Value = "C492400"; VariantName = "[No Variations]"
Add component (AddParameter): Name = "MFR PART #"; Value = "PZ254V-11-01P"; VariantName = "[No Variations]"
Added Component: Designator=J9(10_PIN_ARDUINO_100MIL)
Add component (AddParameter): Name = "Digikey Link"; Value = "https://www.digikey.com/product-detail/en/PPTC101LFBN-RC/S7008-ND/810149/?itemSeq=304982352"; VariantName = "[No Variations]"
Add component (AddParameter): Name = "LCSC Part#"; Value = "C225507"; VariantName = "[No Variations]"
Add component (AddParameter): Name = "MFR Part #"; Value = "PPTC101LFBN-RC"; VariantName = "[No Variations]"
Add component (AddParameter): Name = "Type"; Value = "Extended"; VariantName = "[No Variations]"
Add component (AddParameter): Name = "Value"; Value = "Female"; VariantName = "[No Variations]"
Added Component: Designator=J10(8_PIN_ARD-PWR_100MIL)
Add component (AddParameter): Name = "Digikey Link"; Value = "https://www.digikey.com/product-detail/en/PPTC081LFBN-RC/S7006-ND/810147/?itemSeq=304982354"; VariantName = "[No Variations]"
Add component (AddParameter): Name = "LCSC Part#"; Value = "C27438"; VariantName = "[No Variations]"
Add component (AddParameter): Name = "MFR Part #"; Value = "PPTC081LFBN-RC"; VariantName = "[No Variations]"
Add component (AddParameter): Name = "Type"; Value = "Extended"; VariantName = "[No Variations]"
Add component (AddParameter): Name = "Value"; Value = "Female"; VariantName = "[No Variations]"
Added Component: Designator=J11(6_PIN_100MIL -Female)
Add component (AddParameter): Name = "Digikey Link"; Value = "https://www.digikey.com/product-detail/en/PPTC061LFBN-RC/S7004-ND/810145/?itemSeq=304982353"; VariantName = "[No Variations]"
Add component (AddParameter): Name = "LCSC Part#"; Value = "C40877"; VariantName = "[No Variations]"
Add component (AddParameter): Name = "MFR Part #"; Value = "PPTC061LFBN-RC"; VariantName = "[No Variations]"
Add component (AddParameter): Name = "Type"; Value = "Extended"; VariantName = "[No Variations]"
Add component (AddParameter): Name = "Value"; Value = "Female"; VariantName = "[No Variations]"
Added Component: Designator=LED1(LED_1206)
Add component (AddParameter): Name = "Datasheet"; Value = "https://datasheet.lcsc.com/szlcsc/1811151241_Everlight-Elec-15-21-R6C-FQ1R1B-2T_C93133.pdf"; VariantName = "[No Variations]"
Add component (AddParameter): Name = "LCSC Part#"; Value = "C93133"; VariantName = "[No Variations]"
Add component (AddParameter): Name = "MFR Part #"; Value = "15-21/R6C-FQ1R1B/2T"; VariantName = "[No Variations]"
Add component (AddParameter): Name = "Type"; Value = "Extended"; VariantName = "[No Variations]"
Add component (AddParameter): Name = "Value"; Value = "Red"; VariantName = "[No Variations]"
Added Component: Designator=LED2(LED_1206)
Add component (AddParameter): Name = "Datasheet"; Value = "https://datasheet.lcsc.com/szlcsc/1811151241_Everlight-Elec-15-21-R6C-FQ1R1B-2T_C93133.pdf"; VariantName = "[No Variations]"
Add component (AddParameter): Name = "LCSC Part#"; Value = "C93133"; VariantName = "[No Variations]"
Add component (AddParameter): Name = "MFR Part #"; Value = "15-21/R6C-FQ1R1B/2T"; VariantName = "[No Variations]"
Add component (AddParameter): Name = "Type"; Value = "Extended"; VariantName = "[No Variations]"
Add component (AddParameter): Name = "Value"; Value = "Red"; VariantName = "[No Variations]"
Added Component: Designator=LED3(LED_1206)
Add component (AddParameter): Name = "Datasheet"; Value = "https://datasheet.lcsc.com/szlcsc/1811151241_Everlight-Elec-15-21-R6C-FQ1R1B-2T_C93133.pdf"; VariantName = "[No Variations]"
Add component (AddParameter): Name = "LCSC Part#"; Value = "C93133"; VariantName = "[No Variations]"
Add component (AddParameter): Name = "MFR Part #"; Value = "15-21/R6C-FQ1R1B/2T"; VariantName = "[No Variations]"
Add component (AddParameter): Name = "Type"; Value = "Extended"; VariantName = "[No Variations]"
Add component (AddParameter): Name = "Value"; Value = "Red"; VariantName = "[No Variations]"
Added Component: Designator=LED4(LED_1206)
Add component (AddParameter): Name = "Datasheet"; Value = "https://datasheet.lcsc.com/szlcsc/1811151241_Everlight-Elec-15-21-R6C-FQ1R1B-2T_C93133.pdf"; VariantName = "[No Variations]"
Add component (AddParameter): Name = "LCSC Part#"; Value = "C93133"; VariantName = "[No Variations]"
Add component (AddParameter): Name = "MFR Part #"; Value = "15-21/R6C-FQ1R1B/2T"; VariantName = "[No Variations]"
Add component (AddParameter): Name = "Type"; Value = "Extended"; VariantName = "[No Variations]"
Add component (AddParameter): Name = "Value"; Value = "Red"; VariantName = "[No Variations]"
Added Component: Designator=LED5(LED_1206)
Add component (AddParameter): Name = "Datasheet"; Value = "https://datasheet.lcsc.com/szlcsc/1811151241_Everlight-Elec-15-21-R6C-FQ1R1B-2T_C93133.pdf"; VariantName = "[No Variations]"
Add component (AddParameter): Name = "LCSC Part#"; Value = "C93133"; VariantName = "[No Variations]"
Add component (AddParameter): Name = "MFR Part #"; Value = "15-21/R6C-FQ1R1B/2T"; VariantName = "[No Variations]"
Add component (AddParameter): Name = "Type"; Value = "Extended"; VariantName = "[No Variations]"
Add component (AddParameter): Name = "Value"; Value = "Red"; VariantName = "[No Variations]"
Added Component: Designator=P1(Power_Jack)
Add component (AddParameter): Name = "Digikey Link"; Value = "https://www.digikey.com/product-detail/en/PJ-102A/CP-102A-ND/275425/?itemSeq=304982367"; VariantName = "[No Variations]"
Add component (AddParameter): Name = "LCSC Part#"; Value = "C136744"; VariantName = "[No Variations]"
Add component (AddParameter): Name = "MFR Part #"; Value = "PJ-102A"; VariantName = "[No Variations]"
Add component (AddParameter): Name = "Type"; Value = "Extended"; VariantName = "[No Variations]"
Add component (AddParameter): Name = "Value"; Value = "CONN PWR JACK 2X5.5MM SOLDER"; VariantName = "[No Variations]"
Added Component: Designator=PS1(LDO)
Add component (AddParameter): Name = "LCSC Part#"; Value = "C6186"; VariantName = "[No Variations]"
Add component (AddParameter): Name = "MFR Part #"; Value = "AMS1117-3.3"; VariantName = "[No Variations]"
Add component (AddParameter): Name = "Type"; Value = "Basic"; VariantName = "[No Variations]"
Add component (AddParameter): Name = "Value"; Value = "IC REG LINEAR 3.3V 800MA SOT223"; VariantName = "[No Variations]"
Added Component: Designator=R1(1206_Passive_Resitor)
Add component (AddParameter): Name = "Digikey Link"; Value = "https://www.digikey.com/product-detail/en/RNCP1206FTD1K00/RNCP1206FTD1K00CT-ND/2240675/?itemSeq=304982373"; VariantName = "[No Variations]"
Add component (AddParameter): Name = "LCSC Part#"; Value = "C4410"; VariantName = "[No Variations]"
Add component (AddParameter): Name = "MFR Part #"; Value = "RNCP1206FTD1K00CT"; VariantName = "[No Variations]"
Add component (AddParameter): Name = "Type"; Value = "Basic"; VariantName = "[No Variations]"
Add component (AddParameter): Name = "Value"; Value = "1K Ohm"; VariantName = "[No Variations]"
Added Component: Designator=R2(1206_Passive_Resitor)
Add component (AddParameter): Name = "Digikey Link"; Value = "https://www.digikey.com/product-detail/en/RNCP1206FTD1K00/RNCP1206FTD1K00CT-ND/2240675/?itemSeq=304982373"; VariantName = "[No Variations]"
Add component (AddParameter): Name = "LCSC Part#"; Value = "C4410"; VariantName = "[No Variations]"
Add component (AddParameter): Name = "MFR Part #"; Value = "RNCP1206FTD1K00CT"; VariantName = "[No Variations]"
Add component (AddParameter): Name = "Type"; Value = "Basic"; VariantName = "[No Variations]"
Add component (AddParameter): Name = "Value"; Value = "1K Ohm"; VariantName = "[No Variations]"
Added Component: Designator=R3(1206_Passive_Resitor)
Add component (AddParameter): Name = "Digikey Link"; Value = "https://www.digikey.com/product-detail/en/RNCP1206FTD1K00/RNCP1206FTD1K00CT-ND/2240675/?itemSeq=304982373"; VariantName = "[No Variations]"
Add component (AddParameter): Name = "LCSC Part#"; Value = "C4410"; VariantName = "[No Variations]"
Add component (AddParameter): Name = "MFR Part #"; Value = "RNCP1206FTD1K00CT"; VariantName = "[No Variations]"
Add component (AddParameter): Name = "Type"; Value = "Basic"; VariantName = "[No Variations]"
Add component (AddParameter): Name = "Value"; Value = "1K Ohm"; VariantName = "[No Variations]"
Added Component: Designator=R4(1206_Passive_Resitor)
Add component (AddParameter): Name = "Digikey Link"; Value = "https://www.digikey.com/en/products/detail/stackpole-electronics-inc/RMCF1206FT10K0/1759669"; VariantName = "[No Variations]"
Add component (AddParameter): Name = "LCSC Part#"; Value = "C17902"; VariantName = "[No Variations]"
Add component (AddParameter): Name = "MFR Part #"; Value = "RMCF1206FT10K0"; VariantName = "[No Variations]"
Add component (AddParameter): Name = "Type"; Value = "Basic"; VariantName = "[No Variations]"
Add component (AddParameter): Name = "Value"; Value = "10KOhm"; VariantName = "[No Variations]"
Added Component: Designator=R5(1206_Passive_Resitor)
Add component (AddParameter): Name = "Digikey Link"; Value = "https://www.digikey.com/product-detail/en/RNCP1206FTD1K00/RNCP1206FTD1K00CT-ND/2240675/?itemSeq=304982373"; VariantName = "[No Variations]"
Add component (AddParameter): Name = "LCSC Part#"; Value = "C4410"; VariantName = "[No Variations]"
Add component (AddParameter): Name = "MFR Part #"; Value = "RNCP1206FTD1K00CT"; VariantName = "[No Variations]"
Add component (AddParameter): Name = "Type"; Value = "Basic"; VariantName = "[No Variations]"
Add component (AddParameter): Name = "Value"; Value = "1K Ohm"; VariantName = "[No Variations]"
Added Component: Designator=R6(1206_Passive_Resitor)
Add component (AddParameter): Name = "Digikey Link"; Value = "https://www.digikey.com/product-detail/en/RNCP1206FTD1K00/RNCP1206FTD1K00CT-ND/2240675/?itemSeq=304982373"; VariantName = "[No Variations]"
Add component (AddParameter): Name = "LCSC Part#"; Value = "C4410"; VariantName = "[No Variations]"
Add component (AddParameter): Name = "MFR Part #"; Value = "RNCP1206FTD1K00CT"; VariantName = "[No Variations]"
Add component (AddParameter): Name = "Type"; Value = "Basic"; VariantName = "[No Variations]"
Add component (AddParameter): Name = "Value"; Value = "1K Ohm"; VariantName = "[No Variations]"
Added Component: Designator=SW1(2Pin-Header-Conn)
Add component (AddParameter): Name = "LCSC Part#"; Value = "C124375"; VariantName = "[No Variations]"
Add component (AddParameter): Name = "Type"; Value = "Extended"; VariantName = "[No Variations]"
Added Component: Designator=SW2(3_PIN_100mil)
Add component (AddParameter): Name = "Digikey Link"; Value = "https://www.digikey.com/product-detail/en/PREC003SAAN-RC/S1012EC-03-ND/2774851/?itemSeq=304982371"; VariantName = "[No Variations]"
Add component (AddParameter): Name = "LCSC Part#"; Value = "C49257"; VariantName = "[No Variations]"
Add component (AddParameter): Name = "MFR Part #"; Value = "PREC003SAAN-RC"; VariantName = "[No Variations]"
Add component (AddParameter): Name = "Type"; Value = "Extended"; VariantName = "[No Variations]"
Add component (AddParameter): Name = "Value"; Value = "CONN HEADER VERT 3POS 2.54MM"; VariantName = "[No Variations]"
Added Component: Designator=SW3(Switch_JLC)
Add component (AddParameter): Name = "DataSheet"; Value = "https://datasheet.lcsc.com/lcsc/2106081532_Shenzhen-Kinghelm-Elec-KH-4.5X4.5X4.3H-STM_C2837550.pdf"; VariantName = "[No Variations]"
Add component (AddParameter): Name = "LCSC Part#"; Value = "C2837550"; VariantName = "[No Variations]"
Add component (AddParameter): Name = "MFR Part #"; Value = "KH-4.5X4.5X4.3H-STM"; VariantName = "[No Variations]"
Add component (AddParameter): Name = "Type"; Value = "Extended"; VariantName = "[No Variations]"
Added Component: Designator=SW4(2Pin-Header-Conn)
Add component (AddParameter): Name = "LCSC Part#"; Value = "C124375"; VariantName = "[No Variations]"
Add component (AddParameter): Name = "Type"; Value = "Extended"; VariantName = "[No Variations]"
Added Component: Designator=U1(USB to serial)
Add component (AddParameter): Name = "Datasheet"; Value = "https://datasheet.lcsc.com/lcsc/2008191806_WCH-Jiangsu-Qin-Heng-CH340G_C14267.pdf"; VariantName = "[No Variations]"
Add component (AddParameter): Name = "LCSC Part#"; Value = "C14267"; VariantName = "[No Variations]"
Add component (AddParameter): Name = "MFR Part #"; Value = "CH340G"; VariantName = "[No Variations]"
Add component (AddParameter): Name = "Type"; Value = "Basic"; VariantName = "[No Variations]"
Add component (AddParameter): Name = "Value"; Value = "USB to Serial"; VariantName = "[No Variations]"
Added Component: Designator=U2(ATMega328P)
Add component (AddParameter): Name = "Digikey Link"; Value = "https://www.digikey.com/product-detail/en/ATMEGA328P-ANR/ATMEGA328P-ANRCT-ND/2774230/?itemSeq=304982365"; VariantName = "[No Variations]"
Add component (AddParameter): Name = "LCSC Part#"; Value = "C14877"; VariantName = "[No Variations]"
Add component (AddParameter): Name = "MFR Part #"; Value = "ATMEGA328P-AU"; VariantName = "[No Variations]"
Add component (AddParameter): Name = "Type"; Value = "Basic"; VariantName = "[No Variations]"
Add component (AddParameter): Name = "Value"; Value = "IC MCU 8BIT 32KB FLASH 32TQFP"; VariantName = "[No Variations]"
Added Component: Designator=Y1(Crystal resonator)
Add component (AddParameter): Name = "Datasheet"; Value = "https://datasheet.lcsc.com/szlcsc/Yangxing-Tech-X322512MSB4SI_C9002.pdf"; VariantName = "[No Variations]"
Add component (AddParameter): Name = "LCSC Part#"; Value = "C9002"; VariantName = "[No Variations]"
Add component (AddParameter): Name = "MFR Part #"; Value = "X322512MSB4SI"; VariantName = "[No Variations]"
Add component (AddParameter): Name = "Type"; Value = "Basic"; VariantName = "[No Variations]"
Add component (AddParameter): Name = "Value"; Value = "12MHz"; VariantName = "[No Variations]"
Added Component: Designator=Y2(Crystal resonator)
Add component (AddParameter): Name = "LCSC Part#"; Value = "C13738"; VariantName = "[No Variations]"
Add component (AddParameter): Name = "MFR Part #"; Value = "X322516MLB4SI"; VariantName = "[No Variations]"
Add component (AddParameter): Name = "Type"; Value = "Basic"; VariantName = "[No Variations]"
Add component (AddParameter): Name = "Value"; Value = "16MHz"; VariantName = "[No Variations]"
Added Pin To Net: NetName=3.3V Pin=C12-1
Added Pin To Net: NetName=3.3V Pin=J10-4
Added Pin To Net: NetName=3.3V Pin=PS1-2
Added Pin To Net: NetName=3.3V Pin=PS1-4
Added Net: Name=3.3V
Added Pin To Net: NetName=5V Pin=C11-2
Added Pin To Net: NetName=5V Pin=C13-1
Added Pin To Net: NetName=5V Pin=D1-5
Added Pin To Net: NetName=5V Pin=J10-2
Added Pin To Net: NetName=5V Pin=J10-5
Added Pin To Net: NetName=5V Pin=LED3-1
Added Pin To Net: NetName=5V Pin=PS1-3
Added Pin To Net: NetName=5V Pin=R4-2
Added Pin To Net: NetName=5V Pin=SW2-2
Added Pin To Net: NetName=5V Pin=SW4-1
Added Net: Name=5V
Added Pin To Net: NetName=16MHz1 Pin=C9-1
Added Pin To Net: NetName=16MHz1 Pin=U2-7
Added Pin To Net: NetName=16MHz1 Pin=Y2-1
Added Pin To Net: NetName=16MHz1 Pin=Y2-2
Added Net: Name=16MHz1
Added Pin To Net: NetName=16MHz2 Pin=C10-1
Added Pin To Net: NetName=16MHz2 Pin=U2-8
Added Pin To Net: NetName=16MHz2 Pin=Y2-3
Added Pin To Net: NetName=16MHz2 Pin=Y2-4
Added Net: Name=16MHz2
Added Pin To Net: NetName=ATMEGARESET Pin=C3-2
Added Pin To Net: NetName=ATMEGARESET Pin=J2-3
Added Pin To Net: NetName=ATMEGARESET Pin=J9-3
Added Pin To Net: NetName=ATMEGARESET Pin=J10-3
Added Pin To Net: NetName=ATMEGARESET Pin=R4-1
Added Pin To Net: NetName=ATMEGARESET Pin=SW3-2
Added Pin To Net: NetName=ATMEGARESET Pin=U2-20
Added Pin To Net: NetName=ATMEGARESET Pin=U2-29
Added Net: Name=ATMEGARESET
Added Pin To Net: NetName=CH340RXD Pin=J7-2
Added Pin To Net: NetName=CH340RXD Pin=LED5-1
Added Pin To Net: NetName=CH340RXD Pin=U1-3
Added Pin To Net: NetName=CH340RXD Pin=U2-31
Added Net: Name=CH340RXD
Added Pin To Net: NetName=CH340TXD Pin=J7-1
Added Pin To Net: NetName=CH340TXD Pin=LED4-1
Added Pin To Net: NetName=CH340TXD Pin=U1-2
Added Pin To Net: NetName=CH340TXD Pin=U2-30
Added Net: Name=CH340TXD
Added Pin To Net: NetName=  GND Pin=J10-6
Added Pin To Net: NetName=  GND Pin=J10-7
Added Net: Name=  GND
Added Pin To Net: NetName=GND Pin=C1-2
Added Pin To Net: NetName=GND Pin=C2-1
Added Pin To Net: NetName=GND Pin=C4-1
Added Pin To Net: NetName=GND Pin=C5-1
Added Pin To Net: NetName=GND Pin=C6-2
Added Pin To Net: NetName=GND Pin=C7-2
Added Pin To Net: NetName=GND Pin=C8-2
Added Pin To Net: NetName=GND Pin=C9-2
Added Pin To Net: NetName=GND Pin=C10-2
Added Pin To Net: NetName=GND Pin=C11-1
Added Pin To Net: NetName=GND Pin=C12-2
Added Pin To Net: NetName=GND Pin=C13-2
Added Pin To Net: NetName=GND Pin=C14-1
Added Pin To Net: NetName=GND Pin=D1-2
Added Pin To Net: NetName=GND Pin=J1-5
Added Pin To Net: NetName=GND Pin=J1-6
Added Pin To Net: NetName=GND Pin=J1-7
Added Pin To Net: NetName=GND Pin=J1-8
Added Pin To Net: NetName=GND Pin=J1-9
Added Pin To Net: NetName=GND Pin=J2-6
Added Pin To Net: NetName=GND Pin=J3-01
Added Pin To Net: NetName=GND Pin=J4-01
Added Pin To Net: NetName=GND Pin=J5-01
Added Pin To Net: NetName=GND Pin=J6-01
Added Pin To Net: NetName=GND Pin=J8-01
Added Pin To Net: NetName=GND Pin=J9-4
Added Pin To Net: NetName=GND Pin=P1-2
Added Pin To Net: NetName=GND Pin=P1-3
Added Pin To Net: NetName=GND Pin=PS1-1
Added Pin To Net: NetName=GND Pin=R1-2
Added Pin To Net: NetName=GND Pin=R2-2
Added Pin To Net: NetName=GND Pin=R3-2
Added Pin To Net: NetName=GND Pin=R5-2
Added Pin To Net: NetName=GND Pin=R6-2
Added Pin To Net: NetName=GND Pin=SW3-4
Added Pin To Net: NetName=GND Pin=U1-1
Added Pin To Net: NetName=GND Pin=U2-3
Added Pin To Net: NetName=GND Pin=U2-5
Added Pin To Net: NetName=GND Pin=U2-21
Added Pin To Net: NetName=GND Pin=Y1-2
Added Pin To Net: NetName=GND Pin=Y1-4
Added Net: Name=GND
Added Pin To Net: NetName=NetC1_1 Pin=C1-1
Added Pin To Net: NetName=NetC1_1 Pin=SW1-2
Added Pin To Net: NetName=NetC1_1 Pin=U1-16
Added Net: Name=NetC1_1
Added Pin To Net: NetName=NetC2_2 Pin=C2-2
Added Pin To Net: NetName=NetC2_2 Pin=U1-4
Added Net: Name=NetC2_2
Added Pin To Net: NetName=NetC3_1 Pin=C3-1
Added Pin To Net: NetName=NetC3_1 Pin=U1-13
Added Net: Name=NetC3_1
Added Pin To Net: NetName=NetC4_2 Pin=C4-2
Added Pin To Net: NetName=NetC4_2 Pin=U1-7
Added Pin To Net: NetName=NetC4_2 Pin=Y1-1
Added Net: Name=NetC4_2
Added Pin To Net: NetName=NetC5_2 Pin=C5-2
Added Pin To Net: NetName=NetC5_2 Pin=U1-8
Added Net: Name=NetC5_2
Added Pin To Net: NetName=NetC6_1 Pin=C6-1
Added Pin To Net: NetName=NetC6_1 Pin=C7-1
Added Pin To Net: NetName=NetC6_1 Pin=C8-1
Added Pin To Net: NetName=NetC6_1 Pin=J2-4
Added Pin To Net: NetName=NetC6_1 Pin=SW4-2
Added Pin To Net: NetName=NetC6_1 Pin=U2-4
Added Pin To Net: NetName=NetC6_1 Pin=U2-6
Added Pin To Net: NetName=NetC6_1 Pin=U2-18
Added Net: Name=NetC6_1
Added Pin To Net: NetName=NetD1_1 Pin=D1-1
Added Pin To Net: NetName=NetD1_1 Pin=J1-3
Added Pin To Net: NetName=NetD1_1 Pin=U1-5
Added Net: Name=NetD1_1
Added Pin To Net: NetName=NetD1_3 Pin=D1-3
Added Pin To Net: NetName=NetD1_3 Pin=J1-2
Added Pin To Net: NetName=NetD1_3 Pin=U1-6
Added Net: Name=NetD1_3
Added Pin To Net: NetName=NetJ2_1 Pin=J2-1
Added Pin To Net: NetName=NetJ2_1 Pin=J2-2
Added Pin To Net: NetName=NetJ2_1 Pin=J9-5
Added Pin To Net: NetName=NetJ2_1 Pin=U2-17
Added Net: Name=NetJ2_1
Added Pin To Net: NetName=NetJ2_5 Pin=J2-5
Added Pin To Net: NetName=NetJ2_5 Pin=J9-7
Added Pin To Net: NetName=NetJ2_5 Pin=U2-15
Added Net: Name=NetJ2_5
Added Pin To Net: NetName=NetJ7_3 Pin=J7-3
Added Pin To Net: NetName=NetJ7_3 Pin=U2-32
Added Net: Name=NetJ7_3
Added Pin To Net: NetName=NetJ7_4 Pin=J7-4
Added Pin To Net: NetName=NetJ7_4 Pin=U2-1
Added Net: Name=NetJ7_4
Added Pin To Net: NetName=NetJ7_5 Pin=J7-5
Added Pin To Net: NetName=NetJ7_5 Pin=U2-2
Added Net: Name=NetJ7_5
Added Pin To Net: NetName=NetJ7_6 Pin=J7-6
Added Pin To Net: NetName=NetJ7_6 Pin=U2-9
Added Net: Name=NetJ7_6
Added Pin To Net: NetName=NetJ7_7 Pin=J7-7
Added Pin To Net: NetName=NetJ7_7 Pin=U2-10
Added Net: Name=NetJ7_7
Added Pin To Net: NetName=NetJ7_8 Pin=J7-8
Added Pin To Net: NetName=NetJ7_8 Pin=U2-11
Added Net: Name=NetJ7_8
Added Pin To Net: NetName=NetJ9_1 Pin=J9-1
Added Pin To Net: NetName=NetJ9_1 Pin=J11-1
Added Pin To Net: NetName=NetJ9_1 Pin=U2-28
Added Net: Name=NetJ9_1
Added Pin To Net: NetName=NetJ9_2 Pin=J9-2
Added Pin To Net: NetName=NetJ9_2 Pin=J11-2
Added Pin To Net: NetName=NetJ9_2 Pin=U2-27
Added Net: Name=NetJ9_2
Added Pin To Net: NetName=NetJ9_6 Pin=J9-6
Added Pin To Net: NetName=NetJ9_6 Pin=U2-16
Added Net: Name=NetJ9_6
Added Pin To Net: NetName=NetJ9_8 Pin=J9-8
Added Pin To Net: NetName=NetJ9_8 Pin=U2-14
Added Net: Name=NetJ9_8
Added Pin To Net: NetName=NetJ9_9 Pin=J9-9
Added Pin To Net: NetName=NetJ9_9 Pin=U2-13
Added Net: Name=NetJ9_9
Added Pin To Net: NetName=NetJ9_10 Pin=J9-10
Added Pin To Net: NetName=NetJ9_10 Pin=U2-12
Added Net: Name=NetJ9_10
Added Pin To Net: NetName=NetJ11_3 Pin=J11-3
Added Pin To Net: NetName=NetJ11_3 Pin=U2-26
Added Net: Name=NetJ11_3
Added Pin To Net: NetName=NetJ11_4 Pin=J11-4
Added Pin To Net: NetName=NetJ11_4 Pin=U2-25
Added Net: Name=NetJ11_4
Added Pin To Net: NetName=NetJ11_5 Pin=J11-5
Added Pin To Net: NetName=NetJ11_5 Pin=U2-24
Added Net: Name=NetJ11_5
Added Pin To Net: NetName=NetJ11_6 Pin=J11-6
Added Pin To Net: NetName=NetJ11_6 Pin=U2-23
Added Net: Name=NetJ11_6
Added Pin To Net: NetName=NetLED1_2 Pin=LED1-2
Added Pin To Net: NetName=NetLED1_2 Pin=R2-1
Added Net: Name=NetLED1_2
Added Pin To Net: NetName=NetLED2_2 Pin=LED2-2
Added Pin To Net: NetName=NetLED2_2 Pin=R1-1
Added Net: Name=NetLED2_2
Added Pin To Net: NetName=NetLED3_2 Pin=LED3-2
Added Pin To Net: NetName=NetLED3_2 Pin=R3-1
Added Net: Name=NetLED3_2
Added Pin To Net: NetName=NetLED4_2 Pin=LED4-2
Added Pin To Net: NetName=NetLED4_2 Pin=R5-1
Added Net: Name=NetLED4_2
Added Pin To Net: NetName=NetLED5_2 Pin=LED5-2
Added Pin To Net: NetName=NetLED5_2 Pin=R6-1
Added Net: Name=NetLED5_2
Added Pin To Net: NetName=USBVCC Pin=J1-1
Added Pin To Net: NetName=USBVCC Pin=LED2-1
Added Pin To Net: NetName=USBVCC Pin=SW1-1
Added Pin To Net: NetName=USBVCC Pin=SW2-1
Added Net: Name=USBVCC
Added Pin To Net: NetName=VIN Pin=C14-2
Added Pin To Net: NetName=VIN Pin=J10-8
Added Pin To Net: NetName=VIN Pin=LED1-1
Added Pin To Net: NetName=VIN Pin=P1-1
Added Pin To Net: NetName=VIN Pin=SW2-3
Added Net: Name=VIN
Added Class: Name=Sheet2
Added Rule: Name=Schematic Width Constraint
Added Rule: Name=Schematic Width Constraint_1
Added Rule: Name=Schematic Width Constraint_2
Added Rule: Name=Schematic Width Constraint_3
Added Rule: Name=Schematic Width Constraint_4
Added Rule: Name=Schematic Width Constraint_5
