Removed Pin From Net: NetName=GND Pin=J3-01
Removed Pin From Net: NetName=GND Pin=J4-01
Removed Pin From Net: NetName=GND Pin=J5-01
Removed Pin From Net: NetName=GND Pin=J6-01
Removed Pin From Net: NetName=GND Pin=J8-01
Removed Pin From Net: NetName=ATMEGARESET Pin=J9-1
Removed Pin From Net: NetName=GND Pin=J9-2
Removed Pin From Net: NetName=NetJ2_2 Pin=J9-3
Removed Pin From Net: NetName=NetJ2_1 Pin=J9-4
Removed Pin From Net: NetName=NetJ2_5 Pin=J9-5
Removed Pin From Net: NetName=ATMEGARESET Pin=U2-20
Removed Pin From Net: NetName=ATMEGARESET Pin=U2-29
Removed Member From Class: ClassName=Sheet2 Member=J9
Change Component Footprint: Designator=J5 Old Footprint=JM-1_SSQ-101-03-T-S New Footprint=6_PIN_100MIL -Female
Change Component Footprint: Designator=J6 Old Footprint=JM-1_SSQ-101-03-T-S New Footprint=6_PIN_100MIL -Female
Change Component Footprint: Designator=J3 Old Footprint=JM-1_SSQ-101-03-T-S New Footprint=8_PIN_ARD-DIG_100MIL
Change Component Footprint: Designator=J4 Old Footprint=JM-1_SSQ-101-03-T-S New Footprint=10_PIN_ARDUINO_100MIL
Change Component Footprint: Designator=J8 Old Footprint=JM-1_SSQ-101-03-T-S New Footprint=10_PIN_ARDUINO_100MIL
Change Component Comment : Designator=C4 Old Comment=22uF New Comment=22pF
Change Component Comment : Designator=C5 Old Comment=22uF New Comment=22pF
Change Component Comment : Designator=C9 Old Comment=22uF New Comment=22pF
Change Component Comment : Designator=C10 Old Comment=22uF New Comment=22pF
Change Component Comment : Designator=LED3 Old Comment=BRD_PWR New Comment=Red
Change Component Comment : Designator=SW1 Old Comment=CH340G_PWR New Comment=SW_2Pin_100mil_Switch
Change Component Comment : Designator=J2 Old Comment=ICSP New Comment=NRPN032PAEN-RC
Change Component Comment : Designator=J5 Old Comment=JM_1_PIN_MALE New Comment=PPTC061LFBN-RC
Change Component Comment : Designator=J6 Old Comment=JM_1_PIN_MALE New Comment=PPTC061LFBN-RC
Change Component Comment : Designator=J3 Old Comment=JM_1_PIN_MALE New Comment=PPTC081LFBN-RC
Change Component Comment : Designator=J4 Old Comment=JM_1_PIN_MALE New Comment=PPTC101LFBN-RC
Change Component Comment : Designator=J8 Old Comment=JM_1_PIN_MALE New Comment=PPTC101LFBN-RC
Change Component Comment : Designator=LED1 Old Comment=PLUG_PWR New Comment=Red
Change Component Comment : Designator=AC/DC Old Comment=PWR_SELECT New Comment=PREC003SAAN-RC
Change Component Comment : Designator=SW4 Old Comment=PWR_SWITCH New Comment=SW_2Pin_100mil_Switch
Change Component Comment : Designator=LED2 Old Comment=USB_PWR New Comment=Red
Change Component Designator: OldDesignator=AC/DC NewDesignator=SW2
Change component parameters: Designator = "C4" ("C4"); Footprint = "1206_Passive_Capacitor"; UniqueID = "\TTROEQKS" ("\TTROEQKS")
Change component parameters (AddParameter): Name = "Datasheet"; Value = "https://datasheet.lcsc.com/lcsc/1810241219_YAGEO-CC1206JKNPOCBN220_C107174.pdf"; VariantName = "[No Variations]"
Change component parameters (AddParameter): Name = "LCSC Part#"; Value = "C107174"; VariantName = "[No Variations]"
Change component parameters (AddParameter): Name = "MFR Part #"; Value = "CC1206JKNPOCBN220"; VariantName = "[No Variations]"
Change component parameters (AddParameter): Name = "Type"; Value = "Extended"; VariantName = "[No Variations]"
Change component parameters (AddParameter): Name = "Value"; Value = "22pF"; VariantName = "[No Variations]"
Change component parameters: Designator = "C5" ("C5"); Footprint = "1206_Passive_Capacitor"; UniqueID = "\RNDIOJJC" ("\RNDIOJJC")
Change component parameters (AddParameter): Name = "Datasheet"; Value = "https://datasheet.lcsc.com/lcsc/1810241219_YAGEO-CC1206JKNPOCBN220_C107174.pdf"; VariantName = "[No Variations]"
Change component parameters (AddParameter): Name = "LCSC Part#"; Value = "C107174"; VariantName = "[No Variations]"
Change component parameters (AddParameter): Name = "MFR Part #"; Value = "CC1206JKNPOCBN220"; VariantName = "[No Variations]"
Change component parameters (AddParameter): Name = "Type"; Value = "Extended"; VariantName = "[No Variations]"
Change component parameters (AddParameter): Name = "Value"; Value = "22pF"; VariantName = "[No Variations]"
Change component parameters: Designator = "C9" ("C9"); Footprint = "1206_Passive_Capacitor"; UniqueID = "\XQMKUEBB" ("\XQMKUEBB")
Change component parameters (AddParameter): Name = "Datasheet"; Value = "https://datasheet.lcsc.com/lcsc/1810241219_YAGEO-CC1206JKNPOCBN220_C107174.pdf"; VariantName = "[No Variations]"
Change component parameters (AddParameter): Name = "LCSC Part#"; Value = "C107174"; VariantName = "[No Variations]"
Change component parameters (AddParameter): Name = "MFR Part #"; Value = "CC1206JKNPOCBN220"; VariantName = "[No Variations]"
Change component parameters (AddParameter): Name = "Type"; Value = "Extended"; VariantName = "[No Variations]"
Change component parameters (AddParameter): Name = "Value"; Value = "22pF"; VariantName = "[No Variations]"
Change component parameters: Designator = "C10" ("C10"); Footprint = "1206_Passive_Capacitor"; UniqueID = "\CQANGJNQ" ("\CQANGJNQ")
Change component parameters (AddParameter): Name = "Datasheet"; Value = "https://datasheet.lcsc.com/lcsc/1810241219_YAGEO-CC1206JKNPOCBN220_C107174.pdf"; VariantName = "[No Variations]"
Change component parameters (AddParameter): Name = "LCSC Part#"; Value = "C107174"; VariantName = "[No Variations]"
Change component parameters (AddParameter): Name = "MFR Part #"; Value = "CC1206JKNPOCBN220"; VariantName = "[No Variations]"
Change component parameters (AddParameter): Name = "Type"; Value = "Extended"; VariantName = "[No Variations]"
Change component parameters (AddParameter): Name = "Value"; Value = "22pF"; VariantName = "[No Variations]"
Change component parameters: Designator = "J3" ("J3"); Footprint = "JM-1_SSQ-101-03-T-S"; UniqueID = "\HYJISSXS" ("\HYJISSXS")
Change component parameters (AddParameter): Name = "Digikey Link"; Value = "https://www.digikey.com/product-detail/en/PPTC081LFBN-RC/S7006-ND/810147/?itemSeq=304982354"; VariantName = "[No Variations]"
Change component parameters (AddParameter): Name = "LCSC Part#"; Value = "C27438"; VariantName = "[No Variations]"
Change component parameters (AddParameter): Name = "MFR Part #"; Value = "PPTC081LFBN-RC"; VariantName = "[No Variations]"
Change component parameters (AddParameter): Name = "Type"; Value = "Extended"; VariantName = "[No Variations]"
Change component parameters (AddParameter): Name = "Value"; Value = "Female"; VariantName = "[No Variations]"
Change component parameters: Designator = "J4" ("J4"); Footprint = "JM-1_SSQ-101-03-T-S"; UniqueID = "\GXNDPEQT" ("\GXNDPEQT")
Change component parameters (AddParameter): Name = "Digikey Link"; Value = "https://www.digikey.com/product-detail/en/PPTC101LFBN-RC/S7008-ND/810149/?itemSeq=304982352"; VariantName = "[No Variations]"
Change component parameters (AddParameter): Name = "LCSC Part#"; Value = "C225507"; VariantName = "[No Variations]"
Change component parameters (AddParameter): Name = "MFR Part #"; Value = "PPTC101LFBN-RC"; VariantName = "[No Variations]"
Change component parameters (AddParameter): Name = "Type"; Value = "Extended"; VariantName = "[No Variations]"
Change component parameters (AddParameter): Name = "Value"; Value = "Female"; VariantName = "[No Variations]"
Change component parameters: Designator = "J5" ("J5"); Footprint = "JM-1_SSQ-101-03-T-S"; UniqueID = "\UFTYAFXJ" ("\UFTYAFXJ")
Change component parameters (AddParameter): Name = "Digikey Link"; Value = "https://www.digikey.com/product-detail/en/PPTC061LFBN-RC/S7004-ND/810145/?itemSeq=304982353"; VariantName = "[No Variations]"
Change component parameters (AddParameter): Name = "LCSC Part#"; Value = "C40877"; VariantName = "[No Variations]"
Change component parameters (AddParameter): Name = "MFR Part #"; Value = "PPTC061LFBN-RC"; VariantName = "[No Variations]"
Change component parameters (AddParameter): Name = "Type"; Value = "Extended"; VariantName = "[No Variations]"
Change component parameters (AddParameter): Name = "Value"; Value = "Female"; VariantName = "[No Variations]"
Change component parameters: Designator = "J6" ("J6"); Footprint = "JM-1_SSQ-101-03-T-S"; UniqueID = "\PPXCRKAO" ("\PPXCRKAO")
Change component parameters (AddParameter): Name = "Digikey Link"; Value = "https://www.digikey.com/product-detail/en/PPTC061LFBN-RC/S7004-ND/810145/?itemSeq=304982353"; VariantName = "[No Variations]"
Change component parameters (AddParameter): Name = "LCSC Part#"; Value = "C40877"; VariantName = "[No Variations]"
Change component parameters (AddParameter): Name = "MFR Part #"; Value = "PPTC061LFBN-RC"; VariantName = "[No Variations]"
Change component parameters (AddParameter): Name = "Type"; Value = "Extended"; VariantName = "[No Variations]"
Change component parameters (AddParameter): Name = "Value"; Value = "Female"; VariantName = "[No Variations]"
Change component parameters: Designator = "J8" ("J8"); Footprint = "JM-1_SSQ-101-03-T-S"; UniqueID = "\VVCNVPHQ" ("\VVCNVPHQ")
Change component parameters (AddParameter): Name = "Digikey Link"; Value = "https://www.digikey.com/product-detail/en/PPTC101LFBN-RC/S7008-ND/810149/?itemSeq=304982352"; VariantName = "[No Variations]"
Change component parameters (AddParameter): Name = "LCSC Part#"; Value = "C225507"; VariantName = "[No Variations]"
Change component parameters (AddParameter): Name = "MFR Part #"; Value = "PPTC101LFBN-RC"; VariantName = "[No Variations]"
Change component parameters (AddParameter): Name = "Type"; Value = "Extended"; VariantName = "[No Variations]"
Change component parameters (AddParameter): Name = "Value"; Value = "Female"; VariantName = "[No Variations]"
Added Component: Designator=C15(1206_Passive_Capacitor)
Add component (AddParameter): Name = "Datasheet"; Value = "https://datasheet.lcsc.com/lcsc/1811031514_Samsung-Electro-Mechanics-CL31A226KAHNNNE_C12891.pdf"; VariantName = "[No Variations]"
Add component (AddParameter): Name = "LCSC Part#"; Value = "C12891"; VariantName = "[No Variations]"
Add component (AddParameter): Name = "MFR Part #"; Value = "CL31A226KAHNNNE"; VariantName = "[No Variations]"
Add component (AddParameter): Name = "Type"; Value = "basic"; VariantName = "[No Variations]"
Add component (AddParameter): Name = "Value"; Value = "22uF"; VariantName = "[No Variations]"
Added Component: Designator=C16(1206_Passive_Capacitor)
Add component (AddParameter): Name = "Digikey Link"; Value = "https://www.digikey.com/product-detail/en/C1206C105M4RACTU/399-8150-1-ND/3471873/?itemSeq=304982366"; VariantName = "[No Variations]"
Add component (AddParameter): Name = "LCSC Part#"; Value = "C1848"; VariantName = "[No Variations]"
Add component (AddParameter): Name = "MFR Part #"; Value = "CL31B105KBHNNNE"; VariantName = "[No Variations]"
Add component (AddParameter): Name = "Type"; Value = "Basic"; VariantName = "[No Variations]"
Add component (AddParameter): Name = "Value"; Value = "1uF"; VariantName = "[No Variations]"
Added Component: Designator=C17(1206_Passive_Capacitor)
Add component (AddParameter): Name = "Datasheet"; Value = "https://datasheet.lcsc.com/lcsc/1811031514_Samsung-Electro-Mechanics-CL31A226KAHNNNE_C12891.pdf"; VariantName = "[No Variations]"
Add component (AddParameter): Name = "LCSC Part#"; Value = "C12891"; VariantName = "[No Variations]"
Add component (AddParameter): Name = "MFR Part #"; Value = "CL31A226KAHNNNE"; VariantName = "[No Variations]"
Add component (AddParameter): Name = "Type"; Value = "basic"; VariantName = "[No Variations]"
Add component (AddParameter): Name = "Value"; Value = "22uF"; VariantName = "[No Variations]"
Added Component: Designator=R9(1206_Passive_Resitor)
Add component (AddParameter): Name = "Digikey Link"; Value = "https://www.digikey.com/en/products/detail/stackpole-electronics-inc/RMCF1206FT10K0/1759669"; VariantName = "[No Variations]"
Add component (AddParameter): Name = "LCSC Part#"; Value = "C17902"; VariantName = "[No Variations]"
Add component (AddParameter): Name = "MFR Part #"; Value = "RMCF1206FT10K0"; VariantName = "[No Variations]"
Add component (AddParameter): Name = "Type"; Value = "Basic"; VariantName = "[No Variations]"
Add component (AddParameter): Name = "Value"; Value = "10KOhm"; VariantName = "[No Variations]"
Added Component: Designator=R10(1206_Passive_Resitor)
Add component (AddParameter): Name = "Digikey Link"; Value = "https://www.digikey.com/en/products/detail/stackpole-electronics-inc/RMCF1206FT10K0/1759669"; VariantName = "[No Variations]"
Add component (AddParameter): Name = "LCSC Part#"; Value = "C17902"; VariantName = "[No Variations]"
Add component (AddParameter): Name = "MFR Part #"; Value = "RMCF1206FT10K0"; VariantName = "[No Variations]"
Add component (AddParameter): Name = "Type"; Value = "Basic"; VariantName = "[No Variations]"
Add component (AddParameter): Name = "Value"; Value = "10KOhm"; VariantName = "[No Variations]"
Added Pin To Net: NetName=GND Pin=C15-1
Added Pin To Net: NetName=GND Pin=C16-2
Added Pin To Net: NetName=GND Pin=C17-1
Added Pin To Net: NetName=3.3V Pin=C17-2
Added Pin To Net: NetName=GND Pin=J3-1
Added Pin To Net: NetName=GND Pin=J3-2
Added Pin To Net: NetName=GND Pin=J3-3
Added Pin To Net: NetName=GND Pin=J3-4
Added Pin To Net: NetName=GND Pin=J3-5
Added Pin To Net: NetName=GND Pin=J3-6
Added Pin To Net: NetName=GND Pin=J3-7
Added Pin To Net: NetName=GND Pin=J3-8
Added Pin To Net: NetName=GND Pin=J4-1
Added Pin To Net: NetName=GND Pin=J4-2
Added Pin To Net: NetName=GND Pin=J4-3
Added Pin To Net: NetName=GND Pin=J4-4
Added Pin To Net: NetName=GND Pin=J4-5
Added Pin To Net: NetName=GND Pin=J4-6
Added Pin To Net: NetName=GND Pin=J4-7
Added Pin To Net: NetName=GND Pin=J4-8
Added Pin To Net: NetName=GND Pin=J4-9
Added Pin To Net: NetName=GND Pin=J4-10
Added Pin To Net: NetName=GND Pin=J5-1
Added Pin To Net: NetName=GND Pin=J5-2
Added Pin To Net: NetName=GND Pin=J5-3
Added Pin To Net: NetName=GND Pin=J5-4
Added Pin To Net: NetName=GND Pin=J5-5
Added Pin To Net: NetName=GND Pin=J5-6
Added Pin To Net: NetName=GND Pin=J6-1
Added Pin To Net: NetName=GND Pin=J6-2
Added Pin To Net: NetName=GND Pin=J6-3
Added Pin To Net: NetName=GND Pin=J6-4
Added Pin To Net: NetName=GND Pin=J6-5
Added Pin To Net: NetName=GND Pin=J6-6
Added Pin To Net: NetName=GND Pin=J8-4
Added Pin To Net: NetName=NetJ2_2 Pin=J8-5
Added Pin To Net: NetName=NetJ2_1 Pin=J8-6
Added Pin To Net: NetName=NetJ2_5 Pin=J8-7
Added Pin To Net: NetName=5V Pin=R9-1
Added Pin To Net: NetName=5V Pin=R10-1
Added Pin To Net: NetName=ATMEGARESET Pin=SW3-1
Added Pin To Net: NetName=GND Pin=SW3-3
Added Pin To Net: NetName= ATMEGARESET Pin=C16-1
Added Pin To Net: NetName= ATMEGARESET Pin=U2-29
Added Net: Name= ATMEGARESET
Added Pin To Net: NetName=NetC15_2 Pin=C15-2
Added Pin To Net: NetName=NetC15_2 Pin=J8-3
Added Pin To Net: NetName=NetC15_2 Pin=U2-20
Added Net: Name=NetC15_2
Added Pin To Net: NetName=NetJ8_1 Pin=J8-1
Added Pin To Net: NetName=NetJ8_1 Pin=J11-1
Added Pin To Net: NetName=NetJ8_1 Pin=R10-2
Added Pin To Net: NetName=NetJ8_1 Pin=U2-28
Added Net: Name=NetJ8_1
Added Pin To Net: NetName=NetJ8_2 Pin=J8-2
Added Pin To Net: NetName=NetJ8_2 Pin=J11-2
Added Pin To Net: NetName=NetJ8_2 Pin=R9-2
Added Pin To Net: NetName=NetJ8_2 Pin=U2-27
Added Net: Name=NetJ8_2
Added Pin To Net: NetName=NetJ8_8 Pin=J8-8
Added Pin To Net: NetName=NetJ8_8 Pin=U2-14
Added Net: Name=NetJ8_8
Added Pin To Net: NetName=NetJ8_9 Pin=J8-9
Added Pin To Net: NetName=NetJ8_9 Pin=U2-13
Added Net: Name=NetJ8_9
Added Pin To Net: NetName=NetJ8_10 Pin=J8-10
Added Pin To Net: NetName=NetJ8_10 Pin=U2-12
Added Net: Name=NetJ8_10
Added Member To Class: ClassName=Sheet2 Member=Component C15 22uF
Added Member To Class: ClassName=Sheet2 Member=Component C16 1uF
Added Member To Class: ClassName=Sheet2 Member=Component C17 22uF
Added Member To Class: ClassName=Sheet2 Member=Component R9 10k
Added Member To Class: ClassName=Sheet2 Member=Component R10 10k
